<?xml version="1.0" encoding="UTF-8"?>
<testng-results ignored="0" total="2" passed="2" failed="0" skipped="0">
  <reporter-output>
  </reporter-output>
  <suite started-at="2021-05-22T11:21:25 IST" name="Default suite" finished-at="2021-05-22T11:21:32 IST" duration-ms="7101">
    <groups>
    </groups>
    <test started-at="2021-05-22T11:21:25 IST" name="Default test" finished-at="2021-05-22T11:21:32 IST" duration-ms="7101">
      <class name="com.HybridProject.AppLoginTest">
        <test-method is-config="true" signature="setup()[pri:0, instance:com.HybridProject.AppLoginTest@10959ece]" started-at="2021-05-22T11:21:24 IST" name="setup" finished-at="2021-05-22T11:21:25 IST" duration-ms="308" status="PASS">
          <reporter-output>
          </reporter-output>
        </test-method> <!-- setup -->
        <test-method signature="browserlanch()[pri:1, instance:com.HybridProject.AppLoginTest@10959ece]" started-at="2021-05-22T11:21:25 IST" name="browserlanch" finished-at="2021-05-22T11:21:31 IST" duration-ms="6722" status="PASS">
          <reporter-output>
          </reporter-output>
        </test-method> <!-- browserlanch -->
        <test-method signature="browserlanchInvalid()[pri:2, instance:com.HybridProject.AppLoginTest@10959ece]" started-at="2021-05-22T11:21:31 IST" name="browserlanchInvalid" finished-at="2021-05-22T11:21:32 IST" duration-ms="129" status="PASS">
          <reporter-output>
          </reporter-output>
        </test-method> <!-- browserlanchInvalid -->
        <test-method is-config="true" signature="closebrowser()[pri:0, instance:com.HybridProject.AppLoginTest@10959ece]" started-at="2021-05-22T11:21:32 IST" name="closebrowser" finished-at="2021-05-22T11:21:32 IST" duration-ms="206" status="PASS">
          <reporter-output>
          </reporter-output>
        </test-method> <!-- closebrowser -->
      </class> <!-- com.HybridProject.AppLoginTest -->
    </test> <!-- Default test -->
  </suite> <!-- Default suite -->
</testng-results>
